
> ecom-restapi@1.0.0 start
> nodemon index.js

[33m[nodemon] 2.0.15[39m
[33m[nodemon] to restart at any time, enter `rs`[39m
[33m[nodemon] watching path(s): *.*[39m
[33m[nodemon] watching extensions: js,mjs,json[39m
[32m[nodemon] starting `node index.js`[39m
Express server running on port 5000.
Mongoose connection successfull.
{
  id: '624d96a5d0baa1bf4f8d3d5d',
  isDev: false,
  iat: 1649263637,
  exp: 1649436437
}
req.user=[object Object] req.params.id=624d96a5d0baa1bf4f8d3d5d
[32m[nodemon] restarting due to changes...[39m
[32m[nodemon] starting `node index.js`[39m
Express server running on port 5000.
Mongoose connection successfull.
{
  id: '624d96a5d0baa1bf4f8d3d5d',
  isDev: false,
  iat: 1649263637,
  exp: 1649436437
}
req.user=[object Object] req.params.id=624d96a5d0baa1bf4f8d3d5d
{
  id: '624d96a5d0baa1bf4f8d3d5d',
  isDev: false,
  iat: 1649263637,
  exp: 1649436437
}
req.user=[object Object] req.params.id=624d96a5d0baa1bf4f8d3d5d
[32m[nodemon] restarting due to changes...[39m
[32m[nodemon] starting `node index.js`[39m
Express server running on port 5000.
Mongoose connection successfull.
[32m[nodemon] restarting due to changes...[39m
[32m[nodemon] starting `node index.js`[39m
Express server running on port 5000.
Mongoose connection successfull.
{
  id: '624d96a5d0baa1bf4f8d3d5d',
  isDev: false,
  iat: 1649263637,
  exp: 1649436437
}
req.user=[object Object] req.params.id=624d96a5d0baa1bf4f8d3d5d
undefined
req.user=[object Object] req.params.id=624d96a5d0baa1bf4f8d3d5d
{
  id: '624d96a5d0baa1bf4f8d3d5d',
  isDev: false,
  iat: 1649263637,
  exp: 1649436437
}
req.user=[object Object] req.params.id=624d96a5d0baa1bf4f8d3d5d
[32m[nodemon] restarting due to changes...[39m
[32m[nodemon] starting `node index.js`[39m
Express server running on port 5000.
Mongoose connection successfull.
{
  id: '624d96a5d0baa1bf4f8d3d5d',
  isDev: false,
  iat: 1649263637,
  exp: 1649436437
}
req.user={"id":"624d96a5d0baa1bf4f8d3d5d","isDev":false,"iat":1649263637,"exp":1649436437} req.params.id=624d96a5d0baa1bf4f8d3d5d
[32m[nodemon] restarting due to changes...[39m
[32m[nodemon] starting `node index.js`[39m
Express server running on port 5000.
Mongoose connection successfull.
{
  id: '624d96a5d0baa1bf4f8d3d5d',
  isDev: false,
  iat: 1649263637,
  exp: 1649436437
}
req.user={"id":"624d96a5d0baa1bf4f8d3d5d","isDev":false,"iat":1649263637,"exp":1649436437} req.params.id=624d96a5d0baa1bf4f8d3d5d
{
  id: '624d96a5d0baa1bf4f8d3d5d',
  isDev: false,
  iat: 1649263637,
  exp: 1649436437
}
req.user={"id":"624d96a5d0baa1bf4f8d3d5d","isDev":false,"iat":1649263637,"exp":1649436437} req.params.id=24d96a5d0baa1bf4f8d3d5d
{
  id: '624d96a5d0baa1bf4f8d3d5d',
  isDev: false,
  iat: 1649263637,
  exp: 1649436437
}
req.user={"id":"624d96a5d0baa1bf4f8d3d5d","isDev":false,"iat":1649263637,"exp":1649436437} req.params.id=624d96a5d0baa1bf4f8d3d5d
undefined
{
  id: '624d96a5d0baa1bf4f8d3d5d',
  isDev: false,
  iat: 1649263637,
  exp: 1649436437
}
req.user={"id":"624d96a5d0baa1bf4f8d3d5d","isDev":false,"iat":1649263637,"exp":1649436437} req.params.id=624d96a5d0baa1bf4f8d3d5d
[32m[nodemon] restarting due to changes...[39m
[32m[nodemon] starting `node index.js`[39m
Express server running on port 5000.
Mongoose connection successfull.
[32m[nodemon] restarting due to changes...[39m
[32m[nodemon] starting `node index.js`[39m
Express server running on port 5000.
Mongoose connection successfull.
